2017-12-13 17:43:24.322  INFO 11132 --- [main] com.sec.SecApplication                   : Starting SecApplication on DESKTOP-PBN7JI6 with PID 11132 (C:\Users\user\Documents\workspace-sts-3.8.3.RELEASE\Sec\target\classes started by user in C:\Users\user\Documents\workspace-sts-3.8.3.RELEASE\Sec)
2017-12-13 17:43:24.325  INFO 11132 --- [main] com.sec.SecApplication                   : No active profile set, falling back to default profiles: default
2017-12-13 17:43:24.542  INFO 11132 --- [main] ationConfigEmbeddedWebApplicationContext : Refreshing org.springframework.boot.context.embedded.AnnotationConfigEmbeddedWebApplicationContext@6e75aa0d: startup date [Wed Dec 13 17:43:24 GMT 2017]; root of context hierarchy
2017-12-13 17:43:25.721  INFO 11132 --- [main] s.b.c.e.t.TomcatEmbeddedServletContainer : Tomcat initialized with port(s): 8080 (http)
2017-12-13 17:43:25.742  INFO 11132 --- [main] o.apache.catalina.core.StandardService   : Starting service [Tomcat]
2017-12-13 17:43:25.743  INFO 11132 --- [main] org.apache.catalina.core.StandardEngine  : Starting Servlet Engine: Apache Tomcat/8.5.23
2017-12-13 17:43:25.859  INFO 11132 --- [localhost-startStop-1] o.a.c.c.C.[Tomcat].[localhost].[/]       : Initializing Spring embedded WebApplicationContext
2017-12-13 17:43:25.860  INFO 11132 --- [localhost-startStop-1] o.s.web.context.ContextLoader            : Root WebApplicationContext: initialization completed in 1322 ms
2017-12-13 17:43:26.070  INFO 11132 --- [localhost-startStop-1] o.s.b.w.servlet.FilterRegistrationBean   : Mapping filter: 'characterEncodingFilter' to: [/*]
2017-12-13 17:43:26.071  INFO 11132 --- [localhost-startStop-1] o.s.b.w.servlet.FilterRegistrationBean   : Mapping filter: 'hiddenHttpMethodFilter' to: [/*]
2017-12-13 17:43:26.071  INFO 11132 --- [localhost-startStop-1] o.s.b.w.servlet.FilterRegistrationBean   : Mapping filter: 'httpPutFormContentFilter' to: [/*]
2017-12-13 17:43:26.071  INFO 11132 --- [localhost-startStop-1] o.s.b.w.servlet.FilterRegistrationBean   : Mapping filter: 'requestContextFilter' to: [/*]
2017-12-13 17:43:26.077  INFO 11132 --- [localhost-startStop-1] .s.DelegatingFilterProxyRegistrationBean : Mapping filter: 'springSecurityFilterChain' to: [/*]
2017-12-13 17:43:26.077  INFO 11132 --- [localhost-startStop-1] o.s.b.w.servlet.ServletRegistrationBean  : Mapping servlet: 'dispatcherServlet' to [/]
2017-12-13 17:43:26.480  INFO 11132 --- [main] s.w.s.m.m.a.RequestMappingHandlerAdapter : Looking for @ControllerAdvice: org.springframework.boot.context.embedded.AnnotationConfigEmbeddedWebApplicationContext@6e75aa0d: startup date [Wed Dec 13 17:43:24 GMT 2017]; root of context hierarchy
2017-12-13 17:43:26.541  INFO 11132 --- [main] s.w.s.m.m.a.RequestMappingHandlerMapping : Mapped "{[/]}" onto public java.lang.String com.sec.controller.HomeController.home()
2017-12-13 17:43:26.549  INFO 11132 --- [main] s.w.s.m.m.a.RequestMappingHandlerMapping : Mapped "{[/registration]}" onto public java.lang.String com.sec.controller.HomeController.registration(org.springframework.ui.Model)
2017-12-13 17:43:26.549  INFO 11132 --- [main] s.w.s.m.m.a.RequestMappingHandlerMapping : Mapped "{[/bloggers]}" onto public java.lang.String com.sec.controller.HomeController.bloggers()
2017-12-13 17:43:26.549  INFO 11132 --- [main] s.w.s.m.m.a.RequestMappingHandlerMapping : Mapped "{[/stories]}" onto public java.lang.String com.sec.controller.HomeController.stories()
2017-12-13 17:43:26.549  INFO 11132 --- [main] s.w.s.m.m.a.RequestMappingHandlerMapping : Mapped "{[/reg],methods=[POST]}" onto public java.lang.String com.sec.controller.HomeController.greetingSubmit(com.sec.entity.User)
2017-12-13 17:43:26.558  INFO 11132 --- [main] s.w.s.m.m.a.RequestMappingHandlerMapping : Mapped "{[/error]}" onto public org.springframework.http.ResponseEntity<java.util.Map<java.lang.String, java.lang.Object>> org.springframework.boot.autoconfigure.web.BasicErrorController.error(javax.servlet.http.HttpServletRequest)
2017-12-13 17:43:26.559  INFO 11132 --- [main] s.w.s.m.m.a.RequestMappingHandlerMapping : Mapped "{[/error],produces=[text/html]}" onto public org.springframework.web.servlet.ModelAndView org.springframework.boot.autoconfigure.web.BasicErrorController.errorHtml(javax.servlet.http.HttpServletRequest,javax.servlet.http.HttpServletResponse)
2017-12-13 17:43:26.582  INFO 11132 --- [main] o.s.w.s.handler.SimpleUrlHandlerMapping  : Mapped URL path [/login] onto handler of type [class org.springframework.web.servlet.mvc.ParameterizableViewController]
2017-12-13 17:43:26.604  INFO 11132 --- [main] o.s.w.s.handler.SimpleUrlHandlerMapping  : Mapped URL path [/webjars/**] onto handler of type [class org.springframework.web.servlet.resource.ResourceHttpRequestHandler]
2017-12-13 17:43:26.611  INFO 11132 --- [main] o.s.w.s.handler.SimpleUrlHandlerMapping  : Mapped URL path [/**] onto handler of type [class org.springframework.web.servlet.resource.ResourceHttpRequestHandler]
2017-12-13 17:43:26.657  INFO 11132 --- [main] o.s.w.s.handler.SimpleUrlHandlerMapping  : Mapped URL path [/**/favicon.ico] onto handler of type [class org.springframework.web.servlet.resource.ResourceHttpRequestHandler]
2017-12-13 17:43:27.230  INFO 11132 --- [main] o.s.s.web.DefaultSecurityFilterChain     : Creating filter chain: OrRequestMatcher [requestMatchers=[Ant [pattern='/css/**'], Ant [pattern='/js/**'], Ant [pattern='/images/**'], Ant [pattern='/webjars/**'], Ant [pattern='/**/favicon.ico'], Ant [pattern='/error']]], []
2017-12-13 17:43:27.393  INFO 11132 --- [main] o.s.s.web.DefaultSecurityFilterChain     : Creating filter chain: org.springframework.security.web.util.matcher.AnyRequestMatcher@1, [org.springframework.security.web.context.request.async.WebAsyncManagerIntegrationFilter@61dde151, org.springframework.security.web.context.SecurityContextPersistenceFilter@47447ccf, org.springframework.security.web.header.HeaderWriterFilter@4a23350, org.springframework.security.web.csrf.CsrfFilter@240f6c41, org.springframework.security.web.authentication.logout.LogoutFilter@2e3f79a2, org.springframework.security.web.authentication.UsernamePasswordAuthenticationFilter@28e19366, org.springframework.security.web.savedrequest.RequestCacheAwareFilter@263bbfeb, org.springframework.security.web.servletapi.SecurityContextHolderAwareRequestFilter@74db12c2, org.springframework.security.web.authentication.AnonymousAuthenticationFilter@b25b095, org.springframework.security.web.session.SessionManagementFilter@6fca5907, org.springframework.security.web.access.ExceptionTranslationFilter@213bd3d5, org.springframework.security.web.access.intercept.FilterSecurityInterceptor@65b66b08]
2017-12-13 17:43:27.408  INFO 11132 --- [main] o.s.s.web.DefaultSecurityFilterChain     : Creating filter chain: OrRequestMatcher [requestMatchers=[Ant [pattern='/**']]], [org.springframework.security.web.context.request.async.WebAsyncManagerIntegrationFilter@3bd3d05e, org.springframework.security.web.context.SecurityContextPersistenceFilter@351f2244, org.springframework.security.web.header.HeaderWriterFilter@3cf7298d, org.springframework.security.web.authentication.logout.LogoutFilter@43da41e, org.springframework.security.web.authentication.www.BasicAuthenticationFilter@148c7c4b, org.springframework.security.web.savedrequest.RequestCacheAwareFilter@5496c165, org.springframework.security.web.servletapi.SecurityContextHolderAwareRequestFilter@51a8313b, org.springframework.security.web.authentication.AnonymousAuthenticationFilter@6aba5d30, org.springframework.security.web.session.SessionManagementFilter@1ff55ff, org.springframework.security.web.access.ExceptionTranslationFilter@6240651f, org.springframework.security.web.access.intercept.FilterSecurityInterceptor@211febf3]
2017-12-13 17:43:27.544  INFO 11132 --- [main] o.s.j.e.a.AnnotationMBeanExporter        : Registering beans for JMX exposure on startup
2017-12-13 17:43:27.600  INFO 11132 --- [main] s.b.c.e.t.TomcatEmbeddedServletContainer : Tomcat started on port(s): 8080 (http)
2017-12-13 17:43:27.606  INFO 11132 --- [main] com.sec.SecApplication                   : Started SecApplication in 3.515 seconds (JVM running for 4.02)
2017-12-13 17:43:32.483  INFO 11132 --- [http-nio-8080-exec-2] o.a.c.c.C.[Tomcat].[localhost].[/]       : Initializing Spring FrameworkServlet 'dispatcherServlet'
2017-12-13 17:43:32.488  INFO 11132 --- [http-nio-8080-exec-2] o.s.web.servlet.DispatcherServlet        : FrameworkServlet 'dispatcherServlet': initialization started
2017-12-13 17:43:32.508  INFO 11132 --- [http-nio-8080-exec-2] o.s.web.servlet.DispatcherServlet        : FrameworkServlet 'dispatcherServlet': initialization completed in 16 ms
2017-12-13 17:44:26.831  INFO 11132 --- [RMI TCP Connection(2)-192.168.1.161] inMXBeanRegistrar$SpringApplicationAdmin : Application shutdown requested.
2017-12-13 17:44:26.836  INFO 11132 --- [RMI TCP Connection(2)-192.168.1.161] ationConfigEmbeddedWebApplicationContext : Closing org.springframework.boot.context.embedded.AnnotationConfigEmbeddedWebApplicationContext@6e75aa0d: startup date [Wed Dec 13 17:43:24 GMT 2017]; root of context hierarchy
2017-12-13 17:44:26.838  INFO 11132 --- [RMI TCP Connection(2)-192.168.1.161] o.s.j.e.a.AnnotationMBeanExporter        : Unregistering JMX-exposed beans on shutdown
2017-12-13 17:44:29.241  INFO 4472 --- [main] com.sec.SecApplication                   : Starting SecApplication on DESKTOP-PBN7JI6 with PID 4472 (C:\Users\user\Documents\workspace-sts-3.8.3.RELEASE\Sec\target\classes started by user in C:\Users\user\Documents\workspace-sts-3.8.3.RELEASE\Sec)
2017-12-13 17:44:29.243 DEBUG 4472 --- [main] com.sec.SecApplication                   : Running with Spring Boot v1.5.9.RELEASE, Spring v4.3.13.RELEASE
2017-12-13 17:44:29.244  INFO 4472 --- [main] com.sec.SecApplication                   : No active profile set, falling back to default profiles: default
2017-12-13 17:44:29.460  INFO 4472 --- [main] ationConfigEmbeddedWebApplicationContext : Refreshing org.springframework.boot.context.embedded.AnnotationConfigEmbeddedWebApplicationContext@6e75aa0d: startup date [Wed Dec 13 17:44:29 GMT 2017]; root of context hierarchy
2017-12-13 17:44:30.619  INFO 4472 --- [main] s.b.c.e.t.TomcatEmbeddedServletContainer : Tomcat initialized with port(s): 8080 (http)
2017-12-13 17:44:30.640  INFO 4472 --- [main] o.apache.catalina.core.StandardService   : Starting service [Tomcat]
2017-12-13 17:44:30.642  INFO 4472 --- [main] org.apache.catalina.core.StandardEngine  : Starting Servlet Engine: Apache Tomcat/8.5.23
2017-12-13 17:44:30.746  INFO 4472 --- [localhost-startStop-1] o.a.c.c.C.[Tomcat].[localhost].[/]       : Initializing Spring embedded WebApplicationContext
2017-12-13 17:44:30.752  INFO 4472 --- [localhost-startStop-1] o.s.web.context.ContextLoader            : Root WebApplicationContext: initialization completed in 1296 ms
2017-12-13 17:44:30.969  INFO 4472 --- [localhost-startStop-1] o.s.b.w.servlet.FilterRegistrationBean   : Mapping filter: 'characterEncodingFilter' to: [/*]
2017-12-13 17:44:30.970  INFO 4472 --- [localhost-startStop-1] o.s.b.w.servlet.FilterRegistrationBean   : Mapping filter: 'hiddenHttpMethodFilter' to: [/*]
2017-12-13 17:44:30.970  INFO 4472 --- [localhost-startStop-1] o.s.b.w.servlet.FilterRegistrationBean   : Mapping filter: 'httpPutFormContentFilter' to: [/*]
2017-12-13 17:44:30.975  INFO 4472 --- [localhost-startStop-1] o.s.b.w.servlet.FilterRegistrationBean   : Mapping filter: 'requestContextFilter' to: [/*]
2017-12-13 17:44:30.976  INFO 4472 --- [localhost-startStop-1] .s.DelegatingFilterProxyRegistrationBean : Mapping filter: 'springSecurityFilterChain' to: [/*]
2017-12-13 17:44:30.976  INFO 4472 --- [localhost-startStop-1] o.s.b.w.servlet.ServletRegistrationBean  : Mapping servlet: 'dispatcherServlet' to [/]
2017-12-13 17:44:31.380  INFO 4472 --- [main] s.w.s.m.m.a.RequestMappingHandlerAdapter : Looking for @ControllerAdvice: org.springframework.boot.context.embedded.AnnotationConfigEmbeddedWebApplicationContext@6e75aa0d: startup date [Wed Dec 13 17:44:29 GMT 2017]; root of context hierarchy
2017-12-13 17:44:31.459  INFO 4472 --- [main] s.w.s.m.m.a.RequestMappingHandlerMapping : Mapped "{[/]}" onto public java.lang.String com.sec.controller.HomeController.home()
2017-12-13 17:44:31.460  INFO 4472 --- [main] s.w.s.m.m.a.RequestMappingHandlerMapping : Mapped "{[/reg],methods=[POST]}" onto public java.lang.String com.sec.controller.HomeController.greetingSubmit(com.sec.entity.User)
2017-12-13 17:44:31.461  INFO 4472 --- [main] s.w.s.m.m.a.RequestMappingHandlerMapping : Mapped "{[/bloggers]}" onto public java.lang.String com.sec.controller.HomeController.bloggers()
2017-12-13 17:44:31.461  INFO 4472 --- [main] s.w.s.m.m.a.RequestMappingHandlerMapping : Mapped "{[/stories]}" onto public java.lang.String com.sec.controller.HomeController.stories()
2017-12-13 17:44:31.466  INFO 4472 --- [main] s.w.s.m.m.a.RequestMappingHandlerMapping : Mapped "{[/registration]}" onto public java.lang.String com.sec.controller.HomeController.registration(org.springframework.ui.Model)
2017-12-13 17:44:31.470  INFO 4472 --- [main] s.w.s.m.m.a.RequestMappingHandlerMapping : Mapped "{[/error]}" onto public org.springframework.http.ResponseEntity<java.util.Map<java.lang.String, java.lang.Object>> org.springframework.boot.autoconfigure.web.BasicErrorController.error(javax.servlet.http.HttpServletRequest)
2017-12-13 17:44:31.470  INFO 4472 --- [main] s.w.s.m.m.a.RequestMappingHandlerMapping : Mapped "{[/error],produces=[text/html]}" onto public org.springframework.web.servlet.ModelAndView org.springframework.boot.autoconfigure.web.BasicErrorController.errorHtml(javax.servlet.http.HttpServletRequest,javax.servlet.http.HttpServletResponse)
2017-12-13 17:44:31.493  INFO 4472 --- [main] o.s.w.s.handler.SimpleUrlHandlerMapping  : Mapped URL path [/login] onto handler of type [class org.springframework.web.servlet.mvc.ParameterizableViewController]
2017-12-13 17:44:31.519  INFO 4472 --- [main] o.s.w.s.handler.SimpleUrlHandlerMapping  : Mapped URL path [/webjars/**] onto handler of type [class org.springframework.web.servlet.resource.ResourceHttpRequestHandler]
2017-12-13 17:44:31.519  INFO 4472 --- [main] o.s.w.s.handler.SimpleUrlHandlerMapping  : Mapped URL path [/**] onto handler of type [class org.springframework.web.servlet.resource.ResourceHttpRequestHandler]
2017-12-13 17:44:31.565  INFO 4472 --- [main] o.s.w.s.handler.SimpleUrlHandlerMapping  : Mapped URL path [/**/favicon.ico] onto handler of type [class org.springframework.web.servlet.resource.ResourceHttpRequestHandler]
2017-12-13 17:44:32.110  INFO 4472 --- [main] o.s.s.web.DefaultSecurityFilterChain     : Creating filter chain: OrRequestMatcher [requestMatchers=[Ant [pattern='/css/**'], Ant [pattern='/js/**'], Ant [pattern='/images/**'], Ant [pattern='/webjars/**'], Ant [pattern='/**/favicon.ico'], Ant [pattern='/error']]], []
2017-12-13 17:44:32.184  INFO 4472 --- [main] o.s.s.web.DefaultSecurityFilterChain     : Creating filter chain: org.springframework.security.web.util.matcher.AnyRequestMatcher@1, [org.springframework.security.web.context.request.async.WebAsyncManagerIntegrationFilter@4726927c, org.springframework.security.web.context.SecurityContextPersistenceFilter@213bd3d5, org.springframework.security.web.header.HeaderWriterFilter@4016ccc1, org.springframework.security.web.csrf.CsrfFilter@49c8f6e8, org.springframework.security.web.authentication.logout.LogoutFilter@6fa69af7, org.springframework.security.web.authentication.UsernamePasswordAuthenticationFilter@3d7b1f1c, org.springframework.security.web.savedrequest.RequestCacheAwareFilter@451882b2, org.springframework.security.web.servletapi.SecurityContextHolderAwareRequestFilter@31edeac, org.springframework.security.web.authentication.AnonymousAuthenticationFilter@7eb6b6b6, org.springframework.security.web.session.SessionManagementFilter@3ffb3598, org.springframework.security.web.access.ExceptionTranslationFilter@2324bfe7, org.springframework.security.web.access.intercept.FilterSecurityInterceptor@3d8b319e]
2017-12-13 17:44:32.278  INFO 4472 --- [main] o.s.s.web.DefaultSecurityFilterChain     : Creating filter chain: OrRequestMatcher [requestMatchers=[Ant [pattern='/**']]], [org.springframework.security.web.context.request.async.WebAsyncManagerIntegrationFilter@6642dc5a, org.springframework.security.web.context.SecurityContextPersistenceFilter@188b6035, org.springframework.security.web.header.HeaderWriterFilter@736309a9, org.springframework.security.web.authentication.logout.LogoutFilter@6240651f, org.springframework.security.web.authentication.www.BasicAuthenticationFilter@3cf7298d, org.springframework.security.web.savedrequest.RequestCacheAwareFilter@4a34e9f, org.springframework.security.web.servletapi.SecurityContextHolderAwareRequestFilter@6f6621e3, org.springframework.security.web.authentication.AnonymousAuthenticationFilter@43da41e, org.springframework.security.web.session.SessionManagementFilter@4e93dcb9, org.springframework.security.web.access.ExceptionTranslationFilter@747d1932, org.springframework.security.web.access.intercept.FilterSecurityInterceptor@2a03d65c]
2017-12-13 17:44:32.380  INFO 4472 --- [main] o.s.j.e.a.AnnotationMBeanExporter        : Registering beans for JMX exposure on startup
2017-12-13 17:44:32.445  INFO 4472 --- [main] s.b.c.e.t.TomcatEmbeddedServletContainer : Tomcat started on port(s): 8080 (http)
2017-12-13 17:44:32.458  INFO 4472 --- [main] com.sec.SecApplication                   : Started SecApplication in 3.45 seconds (JVM running for 3.966)
2017-12-13 17:44:35.555  INFO 4472 --- [http-nio-8080-exec-1] o.a.c.c.C.[Tomcat].[localhost].[/]       : Initializing Spring FrameworkServlet 'dispatcherServlet'
2017-12-13 17:44:35.560  INFO 4472 --- [http-nio-8080-exec-1] o.s.web.servlet.DispatcherServlet        : FrameworkServlet 'dispatcherServlet': initialization started
2017-12-13 17:44:35.577  INFO 4472 --- [http-nio-8080-exec-1] o.s.web.servlet.DispatcherServlet        : FrameworkServlet 'dispatcherServlet': initialization completed in 17 ms
2017-12-13 17:47:29.478  INFO 4472 --- [RMI TCP Connection(2)-192.168.1.161] inMXBeanRegistrar$SpringApplicationAdmin : Application shutdown requested.
2017-12-13 17:47:29.483  INFO 4472 --- [RMI TCP Connection(2)-192.168.1.161] ationConfigEmbeddedWebApplicationContext : Closing org.springframework.boot.context.embedded.AnnotationConfigEmbeddedWebApplicationContext@6e75aa0d: startup date [Wed Dec 13 17:44:29 GMT 2017]; root of context hierarchy
2017-12-13 17:47:29.489  INFO 4472 --- [RMI TCP Connection(2)-192.168.1.161] o.s.j.e.a.AnnotationMBeanExporter        : Unregistering JMX-exposed beans on shutdown
2017-12-13 17:47:31.988  INFO 3168 --- [main] com.sec.SecApplication                   : Starting SecApplication on DESKTOP-PBN7JI6 with PID 3168 (C:\Users\user\Documents\workspace-sts-3.8.3.RELEASE\Sec\target\classes started by user in C:\Users\user\Documents\workspace-sts-3.8.3.RELEASE\Sec)
2017-12-13 17:47:31.990 DEBUG 3168 --- [main] com.sec.SecApplication                   : Running with Spring Boot v1.5.9.RELEASE, Spring v4.3.13.RELEASE
2017-12-13 17:47:31.991  INFO 3168 --- [main] com.sec.SecApplication                   : No active profile set, falling back to default profiles: default
2017-12-13 17:47:32.203  INFO 3168 --- [main] ationConfigEmbeddedWebApplicationContext : Refreshing org.springframework.boot.context.embedded.AnnotationConfigEmbeddedWebApplicationContext@6e75aa0d: startup date [Wed Dec 13 17:47:32 GMT 2017]; root of context hierarchy
2017-12-13 17:47:33.375  INFO 3168 --- [main] s.b.c.e.t.TomcatEmbeddedServletContainer : Tomcat initialized with port(s): 8080 (http)
2017-12-13 17:47:33.398  INFO 3168 --- [main] o.apache.catalina.core.StandardService   : Starting service [Tomcat]
2017-12-13 17:47:33.399  INFO 3168 --- [main] org.apache.catalina.core.StandardEngine  : Starting Servlet Engine: Apache Tomcat/8.5.23
2017-12-13 17:47:33.516  INFO 3168 --- [localhost-startStop-1] o.a.c.c.C.[Tomcat].[localhost].[/]       : Initializing Spring embedded WebApplicationContext
2017-12-13 17:47:33.522  INFO 3168 --- [localhost-startStop-1] o.s.web.context.ContextLoader            : Root WebApplicationContext: initialization completed in 1322 ms
2017-12-13 17:47:33.729  INFO 3168 --- [localhost-startStop-1] o.s.b.w.servlet.FilterRegistrationBean   : Mapping filter: 'characterEncodingFilter' to: [/*]
2017-12-13 17:47:33.729  INFO 3168 --- [localhost-startStop-1] o.s.b.w.servlet.FilterRegistrationBean   : Mapping filter: 'hiddenHttpMethodFilter' to: [/*]
2017-12-13 17:47:33.730  INFO 3168 --- [localhost-startStop-1] o.s.b.w.servlet.FilterRegistrationBean   : Mapping filter: 'httpPutFormContentFilter' to: [/*]
2017-12-13 17:47:33.735  INFO 3168 --- [localhost-startStop-1] o.s.b.w.servlet.FilterRegistrationBean   : Mapping filter: 'requestContextFilter' to: [/*]
2017-12-13 17:47:33.736  INFO 3168 --- [localhost-startStop-1] .s.DelegatingFilterProxyRegistrationBean : Mapping filter: 'springSecurityFilterChain' to: [/*]
2017-12-13 17:47:33.736  INFO 3168 --- [localhost-startStop-1] o.s.b.w.servlet.ServletRegistrationBean  : Mapping servlet: 'dispatcherServlet' to [/]
2017-12-13 17:47:34.145  INFO 3168 --- [main] s.w.s.m.m.a.RequestMappingHandlerAdapter : Looking for @ControllerAdvice: org.springframework.boot.context.embedded.AnnotationConfigEmbeddedWebApplicationContext@6e75aa0d: startup date [Wed Dec 13 17:47:32 GMT 2017]; root of context hierarchy
2017-12-13 17:47:34.218  INFO 3168 --- [main] s.w.s.m.m.a.RequestMappingHandlerMapping : Mapped "{[/]}" onto public java.lang.String com.sec.controller.HomeController.home()
2017-12-13 17:47:34.219  INFO 3168 --- [main] s.w.s.m.m.a.RequestMappingHandlerMapping : Mapped "{[/stories]}" onto public java.lang.String com.sec.controller.HomeController.stories()
2017-12-13 17:47:34.220  INFO 3168 --- [main] s.w.s.m.m.a.RequestMappingHandlerMapping : Mapped "{[/reg],methods=[POST]}" onto public java.lang.String com.sec.controller.HomeController.greetingSubmit(com.sec.entity.User)
2017-12-13 17:47:34.220  INFO 3168 --- [main] s.w.s.m.m.a.RequestMappingHandlerMapping : Mapped "{[/bloggers]}" onto public java.lang.String com.sec.controller.HomeController.bloggers()
2017-12-13 17:47:34.226  INFO 3168 --- [main] s.w.s.m.m.a.RequestMappingHandlerMapping : Mapped "{[/registration]}" onto public java.lang.String com.sec.controller.HomeController.registration(org.springframework.ui.Model)
2017-12-13 17:47:34.229  INFO 3168 --- [main] s.w.s.m.m.a.RequestMappingHandlerMapping : Mapped "{[/error]}" onto public org.springframework.http.ResponseEntity<java.util.Map<java.lang.String, java.lang.Object>> org.springframework.boot.autoconfigure.web.BasicErrorController.error(javax.servlet.http.HttpServletRequest)
2017-12-13 17:47:34.230  INFO 3168 --- [main] s.w.s.m.m.a.RequestMappingHandlerMapping : Mapped "{[/error],produces=[text/html]}" onto public org.springframework.web.servlet.ModelAndView org.springframework.boot.autoconfigure.web.BasicErrorController.errorHtml(javax.servlet.http.HttpServletRequest,javax.servlet.http.HttpServletResponse)
2017-12-13 17:47:34.251  INFO 3168 --- [main] o.s.w.s.handler.SimpleUrlHandlerMapping  : Mapped URL path [/login] onto handler of type [class org.springframework.web.servlet.mvc.ParameterizableViewController]
2017-12-13 17:47:34.276  INFO 3168 --- [main] o.s.w.s.handler.SimpleUrlHandlerMapping  : Mapped URL path [/webjars/**] onto handler of type [class org.springframework.web.servlet.resource.ResourceHttpRequestHandler]
2017-12-13 17:47:34.276  INFO 3168 --- [main] o.s.w.s.handler.SimpleUrlHandlerMapping  : Mapped URL path [/**] onto handler of type [class org.springframework.web.servlet.resource.ResourceHttpRequestHandler]
2017-12-13 17:47:34.327  INFO 3168 --- [main] o.s.w.s.handler.SimpleUrlHandlerMapping  : Mapped URL path [/**/favicon.ico] onto handler of type [class org.springframework.web.servlet.resource.ResourceHttpRequestHandler]
2017-12-13 17:47:34.864  INFO 3168 --- [main] o.s.s.web.DefaultSecurityFilterChain     : Creating filter chain: OrRequestMatcher [requestMatchers=[Ant [pattern='/css/**'], Ant [pattern='/js/**'], Ant [pattern='/images/**'], Ant [pattern='/webjars/**'], Ant [pattern='/**/favicon.ico'], Ant [pattern='/error']]], []
2017-12-13 17:47:35.027  INFO 3168 --- [main] o.s.s.web.DefaultSecurityFilterChain     : Creating filter chain: org.springframework.security.web.util.matcher.AnyRequestMatcher@1, [org.springframework.security.web.context.request.async.WebAsyncManagerIntegrationFilter@719d35e8, org.springframework.security.web.context.SecurityContextPersistenceFilter@45bb2aa1, org.springframework.security.web.header.HeaderWriterFilter@47447ccf, org.springframework.security.web.csrf.CsrfFilter@1c758545, org.springframework.security.web.authentication.logout.LogoutFilter@756b58a7, org.springframework.security.web.authentication.UsernamePasswordAuthenticationFilter@61dde151, org.springframework.security.web.savedrequest.RequestCacheAwareFilter@4b1a43d8, org.springframework.security.web.servletapi.SecurityContextHolderAwareRequestFilter@2e3f79a2, org.springframework.security.web.authentication.AnonymousAuthenticationFilter@2f651f93, org.springframework.security.web.session.SessionManagementFilter@263bbfeb, org.springframework.security.web.access.ExceptionTranslationFilter@6fca5907, org.springframework.security.web.access.intercept.FilterSecurityInterceptor@5b275174]
2017-12-13 17:47:35.042  INFO 3168 --- [main] o.s.s.web.DefaultSecurityFilterChain     : Creating filter chain: OrRequestMatcher [requestMatchers=[Ant [pattern='/**']]], [org.springframework.security.web.context.request.async.WebAsyncManagerIntegrationFilter@459cfcca, org.springframework.security.web.context.SecurityContextPersistenceFilter@43da41e, org.springframework.security.web.header.HeaderWriterFilter@2a03d65c, org.springframework.security.web.authentication.logout.LogoutFilter@4eb45fec, org.springframework.security.web.authentication.www.BasicAuthenticationFilter@211febf3, org.springframework.security.web.savedrequest.RequestCacheAwareFilter@148c7c4b, org.springframework.security.web.servletapi.SecurityContextHolderAwareRequestFilter@2009f9b0, org.springframework.security.web.authentication.AnonymousAuthenticationFilter@2acbc859, org.springframework.security.web.session.SessionManagementFilter@6642dc5a, org.springframework.security.web.access.ExceptionTranslationFilter@51a8313b, org.springframework.security.web.access.intercept.FilterSecurityInterceptor@7df76d99]
2017-12-13 17:47:35.157  INFO 3168 --- [main] o.s.j.e.a.AnnotationMBeanExporter        : Registering beans for JMX exposure on startup
2017-12-13 17:47:35.216  INFO 3168 --- [main] s.b.c.e.t.TomcatEmbeddedServletContainer : Tomcat started on port(s): 8080 (http)
2017-12-13 17:47:35.226  INFO 3168 --- [main] com.sec.SecApplication                   : Started SecApplication in 3.473 seconds (JVM running for 4.02)
2017-12-13 17:47:38.177  INFO 3168 --- [http-nio-8080-exec-1] o.a.c.c.C.[Tomcat].[localhost].[/]       : Initializing Spring FrameworkServlet 'dispatcherServlet'
2017-12-13 17:47:38.181  INFO 3168 --- [http-nio-8080-exec-1] o.s.web.servlet.DispatcherServlet        : FrameworkServlet 'dispatcherServlet': initialization started
2017-12-13 17:47:38.196  INFO 3168 --- [http-nio-8080-exec-1] o.s.web.servlet.DispatcherServlet        : FrameworkServlet 'dispatcherServlet': initialization completed in 14 ms
2017-12-13 17:48:06.575  INFO 3168 --- [RMI TCP Connection(2)-192.168.1.161] inMXBeanRegistrar$SpringApplicationAdmin : Application shutdown requested.
2017-12-13 17:48:06.579  INFO 3168 --- [RMI TCP Connection(2)-192.168.1.161] ationConfigEmbeddedWebApplicationContext : Closing org.springframework.boot.context.embedded.AnnotationConfigEmbeddedWebApplicationContext@6e75aa0d: startup date [Wed Dec 13 17:47:32 GMT 2017]; root of context hierarchy
2017-12-13 17:48:06.585  INFO 3168 --- [RMI TCP Connection(2)-192.168.1.161] o.s.j.e.a.AnnotationMBeanExporter        : Unregistering JMX-exposed beans on shutdown
